{"E:\\projects\\only-utils\\lib\\utils\\const-utils.ts": {"path":"E:\\projects\\only-utils\\lib\\utils\\const-utils.ts","all":false,"statementMap":{"0":{"start":{"line":1,"column":0},"end":{"line":1,"column":40}},"1":{"start":{"line":2,"column":0},"end":{"line":2,"column":39}}},"s":{"0":1,"1":1},"branchMap":{},"b":{},"fnMap":{},"f":{}}
,"E:\\projects\\only-utils\\lib\\utils\\function-utils.ts": {"path":"E:\\projects\\only-utils\\lib\\utils\\function-utils.ts","all":false,"statementMap":{"0":{"start":{"line":1,"column":0},"end":{"line":1,"column":66}},"1":{"start":{"line":2,"column":0},"end":{"line":2,"column":49}},"2":{"start":{"line":3,"column":0},"end":{"line":3,"column":17}},"3":{"start":{"line":4,"column":0},"end":{"line":4,"column":23}},"4":{"start":{"line":5,"column":0},"end":{"line":5,"column":40}},"5":{"start":{"line":6,"column":0},"end":{"line":6,"column":41}},"6":{"start":{"line":7,"column":0},"end":{"line":7,"column":0}},"7":{"start":{"line":8,"column":0},"end":{"line":8,"column":47}}},"s":{"0":1,"1":1,"2":0,"3":0,"4":1,"5":1,"6":1,"7":1},"branchMap":{},"b":{},"fnMap":{"0":{"name":"EMPTY_ARROW_FUNCTION","decl":{"start":{"line":1,"column":36},"end":{"line":1,"column":66}},"loc":{"start":{"line":1,"column":36},"end":{"line":1,"column":66}},"line":1},"1":{"name":"EMPTY_ASYNC_ARROW_FUNCTION","decl":{"start":{"line":2,"column":42},"end":{"line":4,"column":23}},"loc":{"start":{"line":2,"column":42},"end":{"line":4,"column":23}},"line":2},"2":{"name":"identity","decl":{"start":{"line":8,"column":24},"end":{"line":8,"column":47}},"loc":{"start":{"line":8,"column":24},"end":{"line":8,"column":47}},"line":8}},"f":{"0":0,"1":0,"2":0}}
,"E:\\projects\\only-utils\\lib\\utils\\nullish-utils.ts": {"path":"E:\\projects\\only-utils\\lib\\utils\\nullish-utils.ts","all":false,"statementMap":{"0":{"start":{"line":1,"column":0},"end":{"line":1,"column":73}},"1":{"start":{"line":2,"column":0},"end":{"line":2,"column":63}},"2":{"start":{"line":3,"column":0},"end":{"line":3,"column":0}},"3":{"start":{"line":4,"column":0},"end":{"line":4,"column":63}},"4":{"start":{"line":5,"column":0},"end":{"line":5,"column":40}},"5":{"start":{"line":6,"column":0},"end":{"line":6,"column":0}},"6":{"start":{"line":7,"column":0},"end":{"line":7,"column":30}},"7":{"start":{"line":8,"column":0},"end":{"line":8,"column":29}},"8":{"start":{"line":9,"column":0},"end":{"line":9,"column":26}},"9":{"start":{"line":10,"column":0},"end":{"line":10,"column":33}},"10":{"start":{"line":11,"column":0},"end":{"line":11,"column":2}},"11":{"start":{"line":12,"column":0},"end":{"line":12,"column":0}},"12":{"start":{"line":13,"column":0},"end":{"line":13,"column":72}},"13":{"start":{"line":14,"column":0},"end":{"line":14,"column":20}},"14":{"start":{"line":15,"column":0},"end":{"line":15,"column":0}},"15":{"start":{"line":16,"column":0},"end":{"line":16,"column":33}},"16":{"start":{"line":17,"column":0},"end":{"line":17,"column":29}},"17":{"start":{"line":18,"column":0},"end":{"line":18,"column":32}},"18":{"start":{"line":19,"column":0},"end":{"line":19,"column":36}},"19":{"start":{"line":20,"column":0},"end":{"line":20,"column":2}},"20":{"start":{"line":21,"column":0},"end":{"line":21,"column":0}},"21":{"start":{"line":22,"column":0},"end":{"line":22,"column":62}},"22":{"start":{"line":23,"column":0},"end":{"line":23,"column":39}},"23":{"start":{"line":24,"column":0},"end":{"line":24,"column":0}},"24":{"start":{"line":25,"column":0},"end":{"line":25,"column":38}},"25":{"start":{"line":26,"column":0},"end":{"line":26,"column":0}},"26":{"start":{"line":27,"column":0},"end":{"line":27,"column":67}},"27":{"start":{"line":28,"column":0},"end":{"line":28,"column":34}},"28":{"start":{"line":29,"column":0},"end":{"line":29,"column":0}},"29":{"start":{"line":30,"column":0},"end":{"line":30,"column":41}},"30":{"start":{"line":31,"column":0},"end":{"line":31,"column":21}},"31":{"start":{"line":32,"column":0},"end":{"line":32,"column":31}},"32":{"start":{"line":33,"column":0},"end":{"line":33,"column":69}}},"s":{"0":1,"1":1,"2":1,"3":1,"4":15,"5":1,"6":1,"7":0,"8":0,"9":0,"10":0,"11":1,"12":1,"13":0,"14":1,"15":1,"16":0,"17":0,"18":0,"19":0,"20":1,"21":1,"22":0,"23":1,"24":1,"25":1,"26":1,"27":0,"28":1,"29":1,"30":0,"31":0,"32":0},"branchMap":{"0":{"type":"branch","line":4,"loc":{"start":{"line":4,"column":25},"end":{"line":5,"column":40}},"locations":[{"start":{"line":4,"column":25},"end":{"line":5,"column":40}}]}},"b":{"0":[15]},"fnMap":{"0":{"name":"isDefined","decl":{"start":{"line":4,"column":25},"end":{"line":5,"column":40}},"loc":{"start":{"line":4,"column":25},"end":{"line":5,"column":40}},"line":4},"1":{"name":"areDefined","decl":{"start":{"line":7,"column":26},"end":{"line":11,"column":2}},"loc":{"start":{"line":7,"column":26},"end":{"line":11,"column":2}},"line":7},"2":{"name":"isNotDefined","decl":{"start":{"line":13,"column":28},"end":{"line":14,"column":20}},"loc":{"start":{"line":13,"column":28},"end":{"line":14,"column":20}},"line":13},"3":{"name":"areNotDefined","decl":{"start":{"line":16,"column":29},"end":{"line":20,"column":2}},"loc":{"start":{"line":16,"column":29},"end":{"line":20,"column":2}},"line":16},"4":{"name":"toU","decl":{"start":{"line":22,"column":19},"end":{"line":23,"column":39}},"loc":{"start":{"line":22,"column":19},"end":{"line":23,"column":39}},"line":22},"5":{"name":"asValueOrNull","decl":{"start":{"line":27,"column":29},"end":{"line":28,"column":34}},"loc":{"start":{"line":27,"column":29},"end":{"line":28,"column":34}},"line":27},"6":{"name":"transformIfDefined","decl":{"start":{"line":30,"column":34},"end":{"line":33,"column":69}},"loc":{"start":{"line":30,"column":34},"end":{"line":33,"column":69}},"line":30}},"f":{"0":15,"1":0,"2":0,"3":0,"4":0,"5":0,"6":0}}
,"E:\\projects\\only-utils\\lib\\utils\\number-utils.ts": {"path":"E:\\projects\\only-utils\\lib\\utils\\number-utils.ts","all":false,"statementMap":{"0":{"start":{"line":1,"column":0},"end":{"line":1,"column":75}},"1":{"start":{"line":2,"column":0},"end":{"line":2,"column":41}},"2":{"start":{"line":3,"column":0},"end":{"line":3,"column":55}}},"s":{"0":1,"1":16,"2":1},"branchMap":{"0":{"type":"branch","line":1,"loc":{"start":{"line":1,"column":26},"end":{"line":2,"column":41}},"locations":[{"start":{"line":1,"column":26},"end":{"line":2,"column":41}}]},"1":{"type":"branch","line":2,"loc":{"start":{"line":2,"column":27},"end":{"line":2,"column":41}},"locations":[{"start":{"line":2,"column":27},"end":{"line":2,"column":41}}]}},"b":{"0":[16],"1":[0]},"fnMap":{"0":{"name":"isPositive","decl":{"start":{"line":1,"column":26},"end":{"line":2,"column":41}},"loc":{"start":{"line":1,"column":26},"end":{"line":2,"column":41}},"line":1},"1":{"name":"isNegative","decl":{"start":{"line":3,"column":26},"end":{"line":3,"column":55}},"loc":{"start":{"line":3,"column":26},"end":{"line":3,"column":55}},"line":3}},"f":{"0":16,"1":0}}
,"E:\\projects\\only-utils\\lib\\utils\\collection-utils\\list-utils.ts": {"path":"E:\\projects\\only-utils\\lib\\utils\\collection-utils\\list-utils.ts","all":false,"statementMap":{"0":{"start":{"line":1,"column":0},"end":{"line":1,"column":74}},"1":{"start":{"line":2,"column":0},"end":{"line":2,"column":8}},"2":{"start":{"line":3,"column":0},"end":{"line":3,"column":17}},"3":{"start":{"line":4,"column":0},"end":{"line":4,"column":22}},"4":{"start":{"line":5,"column":0},"end":{"line":5,"column":16}},"5":{"start":{"line":6,"column":0},"end":{"line":6,"column":21}},"6":{"start":{"line":7,"column":0},"end":{"line":7,"column":8}},"7":{"start":{"line":8,"column":0},"end":{"line":8,"column":17}},"8":{"start":{"line":9,"column":0},"end":{"line":9,"column":15}},"9":{"start":{"line":10,"column":0},"end":{"line":10,"column":48}},"10":{"start":{"line":11,"column":0},"end":{"line":11,"column":46}},"11":{"start":{"line":12,"column":0},"end":{"line":12,"column":57}},"12":{"start":{"line":13,"column":0},"end":{"line":13,"column":45}},"13":{"start":{"line":14,"column":0},"end":{"line":14,"column":45}},"14":{"start":{"line":15,"column":0},"end":{"line":15,"column":0}},"15":{"start":{"line":16,"column":0},"end":{"line":16,"column":79}},"16":{"start":{"line":17,"column":0},"end":{"line":17,"column":23}},"17":{"start":{"line":18,"column":0},"end":{"line":18,"column":80}},"18":{"start":{"line":19,"column":0},"end":{"line":19,"column":23}},"19":{"start":{"line":20,"column":0},"end":{"line":20,"column":28}},"20":{"start":{"line":21,"column":0},"end":{"line":21,"column":40}},"21":{"start":{"line":22,"column":0},"end":{"line":22,"column":46}},"22":{"start":{"line":23,"column":0},"end":{"line":23,"column":0}},"23":{"start":{"line":24,"column":0},"end":{"line":24,"column":40}},"24":{"start":{"line":25,"column":0},"end":{"line":25,"column":46}},"25":{"start":{"line":26,"column":0},"end":{"line":26,"column":27}},"26":{"start":{"line":27,"column":0},"end":{"line":27,"column":15}},"27":{"start":{"line":28,"column":0},"end":{"line":28,"column":25}},"28":{"start":{"line":29,"column":0},"end":{"line":29,"column":41}},"29":{"start":{"line":30,"column":0},"end":{"line":30,"column":60}},"30":{"start":{"line":31,"column":0},"end":{"line":31,"column":5}},"31":{"start":{"line":32,"column":0},"end":{"line":32,"column":0}},"32":{"start":{"line":33,"column":0},"end":{"line":33,"column":23}},"33":{"start":{"line":34,"column":0},"end":{"line":34,"column":33}},"34":{"start":{"line":35,"column":0},"end":{"line":35,"column":5}},"35":{"start":{"line":36,"column":0},"end":{"line":36,"column":0}},"36":{"start":{"line":37,"column":0},"end":{"line":37,"column":19}},"37":{"start":{"line":38,"column":0},"end":{"line":38,"column":3}},"38":{"start":{"line":39,"column":0},"end":{"line":39,"column":0}},"39":{"start":{"line":40,"column":0},"end":{"line":40,"column":12}},"40":{"start":{"line":41,"column":0},"end":{"line":41,"column":2}},"41":{"start":{"line":42,"column":0},"end":{"line":42,"column":0}},"42":{"start":{"line":43,"column":0},"end":{"line":43,"column":3}},"43":{"start":{"line":44,"column":0},"end":{"line":44,"column":2}},"44":{"start":{"line":45,"column":0},"end":{"line":45,"column":35}},"45":{"start":{"line":46,"column":0},"end":{"line":46,"column":69}},"46":{"start":{"line":47,"column":0},"end":{"line":47,"column":3}},"47":{"start":{"line":48,"column":0},"end":{"line":48,"column":46}},"48":{"start":{"line":49,"column":0},"end":{"line":49,"column":46}},"49":{"start":{"line":50,"column":0},"end":{"line":50,"column":30}},"50":{"start":{"line":51,"column":0},"end":{"line":51,"column":0}},"51":{"start":{"line":52,"column":0},"end":{"line":52,"column":79}},"52":{"start":{"line":53,"column":0},"end":{"line":53,"column":42}},"53":{"start":{"line":54,"column":0},"end":{"line":54,"column":77}},"54":{"start":{"line":55,"column":0},"end":{"line":55,"column":38}},"55":{"start":{"line":56,"column":0},"end":{"line":56,"column":0}},"56":{"start":{"line":57,"column":0},"end":{"line":57,"column":25}},"57":{"start":{"line":58,"column":0},"end":{"line":58,"column":23}},"58":{"start":{"line":59,"column":0},"end":{"line":59,"column":28}},"59":{"start":{"line":60,"column":0},"end":{"line":60,"column":27}},"60":{"start":{"line":61,"column":0},"end":{"line":61,"column":28}},"61":{"start":{"line":62,"column":0},"end":{"line":62,"column":9}},"62":{"start":{"line":63,"column":0},"end":{"line":63,"column":9}},"63":{"start":{"line":64,"column":0},"end":{"line":64,"column":12}},"64":{"start":{"line":65,"column":0},"end":{"line":65,"column":28}},"65":{"start":{"line":66,"column":0},"end":{"line":66,"column":5}},"66":{"start":{"line":67,"column":0},"end":{"line":67,"column":3}},"67":{"start":{"line":68,"column":0},"end":{"line":68,"column":0}},"68":{"start":{"line":69,"column":0},"end":{"line":69,"column":20}},"69":{"start":{"line":70,"column":0},"end":{"line":70,"column":2}},"70":{"start":{"line":71,"column":0},"end":{"line":71,"column":0}},"71":{"start":{"line":72,"column":0},"end":{"line":72,"column":45}},"72":{"start":{"line":73,"column":0},"end":{"line":73,"column":35}},"73":{"start":{"line":74,"column":0},"end":{"line":74,"column":6}},"74":{"start":{"line":75,"column":0},"end":{"line":75,"column":43}},"75":{"start":{"line":76,"column":0},"end":{"line":76,"column":0}},"76":{"start":{"line":77,"column":0},"end":{"line":77,"column":25}},"77":{"start":{"line":78,"column":0},"end":{"line":78,"column":29}},"78":{"start":{"line":79,"column":0},"end":{"line":79,"column":25}},"79":{"start":{"line":80,"column":0},"end":{"line":80,"column":29}},"80":{"start":{"line":81,"column":0},"end":{"line":81,"column":7}},"81":{"start":{"line":82,"column":0},"end":{"line":82,"column":7}},"82":{"start":{"line":83,"column":0},"end":{"line":83,"column":3}},"83":{"start":{"line":84,"column":0},"end":{"line":84,"column":0}},"84":{"start":{"line":85,"column":0},"end":{"line":85,"column":20}},"85":{"start":{"line":86,"column":0},"end":{"line":86,"column":2}},"86":{"start":{"line":87,"column":0},"end":{"line":87,"column":0}},"87":{"start":{"line":88,"column":0},"end":{"line":88,"column":46}},"88":{"start":{"line":89,"column":0},"end":{"line":89,"column":36}},"89":{"start":{"line":90,"column":0},"end":{"line":90,"column":15}},"90":{"start":{"line":91,"column":0},"end":{"line":91,"column":55}},"91":{"start":{"line":92,"column":0},"end":{"line":92,"column":24}},"92":{"start":{"line":93,"column":0},"end":{"line":93,"column":3}},"93":{"start":{"line":94,"column":0},"end":{"line":94,"column":0}},"94":{"start":{"line":95,"column":0},"end":{"line":95,"column":24}},"95":{"start":{"line":96,"column":0},"end":{"line":96,"column":37}},"96":{"start":{"line":97,"column":0},"end":{"line":97,"column":3}},"97":{"start":{"line":98,"column":0},"end":{"line":98,"column":0}},"98":{"start":{"line":99,"column":0},"end":{"line":99,"column":77}},"99":{"start":{"line":100,"column":0},"end":{"line":100,"column":16}},"100":{"start":{"line":101,"column":0},"end":{"line":101,"column":3}},"101":{"start":{"line":102,"column":0},"end":{"line":102,"column":0}},"102":{"start":{"line":103,"column":0},"end":{"line":103,"column":15}},"103":{"start":{"line":104,"column":0},"end":{"line":104,"column":2}},"104":{"start":{"line":105,"column":0},"end":{"line":105,"column":0}},"105":{"start":{"line":106,"column":0},"end":{"line":106,"column":47}},"106":{"start":{"line":107,"column":0},"end":{"line":107,"column":36}},"107":{"start":{"line":108,"column":0},"end":{"line":108,"column":30}},"108":{"start":{"line":109,"column":0},"end":{"line":109,"column":0}},"109":{"start":{"line":110,"column":0},"end":{"line":110,"column":76}},"110":{"start":{"line":111,"column":0},"end":{"line":111,"column":37}},"111":{"start":{"line":112,"column":0},"end":{"line":112,"column":0}},"112":{"start":{"line":113,"column":0},"end":{"line":113,"column":40}},"113":{"start":{"line":114,"column":0},"end":{"line":114,"column":27}},"114":{"start":{"line":115,"column":0},"end":{"line":115,"column":22}},"115":{"start":{"line":116,"column":0},"end":{"line":116,"column":25}},"116":{"start":{"line":117,"column":0},"end":{"line":117,"column":26}},"117":{"start":{"line":118,"column":0},"end":{"line":118,"column":21}},"118":{"start":{"line":119,"column":0},"end":{"line":119,"column":3}},"119":{"start":{"line":120,"column":0},"end":{"line":120,"column":0}},"120":{"start":{"line":121,"column":0},"end":{"line":121,"column":23}},"121":{"start":{"line":122,"column":0},"end":{"line":122,"column":58}},"122":{"start":{"line":123,"column":0},"end":{"line":123,"column":3}},"123":{"start":{"line":124,"column":0},"end":{"line":124,"column":0}},"124":{"start":{"line":125,"column":0},"end":{"line":125,"column":23}},"125":{"start":{"line":126,"column":0},"end":{"line":126,"column":2}},"126":{"start":{"line":127,"column":0},"end":{"line":127,"column":0}},"127":{"start":{"line":128,"column":0},"end":{"line":128,"column":31}},"128":{"start":{"line":129,"column":0},"end":{"line":129,"column":27}},"129":{"start":{"line":130,"column":0},"end":{"line":130,"column":12}},"130":{"start":{"line":131,"column":0},"end":{"line":131,"column":26}},"131":{"start":{"line":132,"column":0},"end":{"line":132,"column":4}},"132":{"start":{"line":133,"column":0},"end":{"line":133,"column":80}},"133":{"start":{"line":134,"column":0},"end":{"line":134,"column":0}},"134":{"start":{"line":135,"column":0},"end":{"line":135,"column":31}},"135":{"start":{"line":136,"column":0},"end":{"line":136,"column":27}},"136":{"start":{"line":137,"column":0},"end":{"line":137,"column":12}},"137":{"start":{"line":138,"column":0},"end":{"line":138,"column":26}},"138":{"start":{"line":139,"column":0},"end":{"line":139,"column":4}},"139":{"start":{"line":140,"column":0},"end":{"line":140,"column":80}},"140":{"start":{"line":141,"column":0},"end":{"line":141,"column":0}},"141":{"start":{"line":142,"column":0},"end":{"line":142,"column":69}},"142":{"start":{"line":143,"column":0},"end":{"line":143,"column":37}},"143":{"start":{"line":144,"column":0},"end":{"line":144,"column":0}},"144":{"start":{"line":145,"column":0},"end":{"line":145,"column":30}},"145":{"start":{"line":146,"column":0},"end":{"line":146,"column":27}},"146":{"start":{"line":147,"column":0},"end":{"line":147,"column":26}},"147":{"start":{"line":148,"column":0},"end":{"line":148,"column":40}},"148":{"start":{"line":149,"column":0},"end":{"line":149,"column":6}},"149":{"start":{"line":150,"column":0},"end":{"line":150,"column":36}},"150":{"start":{"line":151,"column":0},"end":{"line":151,"column":41}},"151":{"start":{"line":152,"column":0},"end":{"line":152,"column":47}},"152":{"start":{"line":153,"column":0},"end":{"line":153,"column":4}},"153":{"start":{"line":154,"column":0},"end":{"line":154,"column":34}},"154":{"start":{"line":155,"column":0},"end":{"line":155,"column":52}},"155":{"start":{"line":156,"column":0},"end":{"line":156,"column":3}},"156":{"start":{"line":157,"column":0},"end":{"line":157,"column":0}},"157":{"start":{"line":158,"column":0},"end":{"line":158,"column":34}},"158":{"start":{"line":159,"column":0},"end":{"line":159,"column":50}},"159":{"start":{"line":160,"column":0},"end":{"line":160,"column":3}},"160":{"start":{"line":161,"column":0},"end":{"line":161,"column":0}},"161":{"start":{"line":162,"column":0},"end":{"line":162,"column":49}},"162":{"start":{"line":163,"column":0},"end":{"line":163,"column":2}},"163":{"start":{"line":164,"column":0},"end":{"line":164,"column":0}},"164":{"start":{"line":165,"column":0},"end":{"line":165,"column":36}},"165":{"start":{"line":166,"column":0},"end":{"line":166,"column":27}},"166":{"start":{"line":167,"column":0},"end":{"line":167,"column":12}},"167":{"start":{"line":168,"column":0},"end":{"line":168,"column":22}},"168":{"start":{"line":169,"column":0},"end":{"line":169,"column":72}}},"s":{"0":1,"1":1,"2":1,"3":1,"4":1,"5":1,"6":1,"7":1,"8":1,"9":1,"10":1,"11":1,"12":1,"13":1,"14":1,"15":1,"16":35,"17":1,"18":21,"19":1,"20":9,"21":9,"22":1,"23":1,"24":15,"25":15,"26":15,"27":15,"28":15,"29":13,"30":13,"31":2,"32":2,"33":2,"34":2,"35":0,"36":0,"37":0,"38":0,"39":0,"40":0,"41":1,"42":1,"43":1,"44":1,"45":1,"46":1,"47":1,"48":0,"49":0,"50":1,"51":1,"52":0,"53":1,"54":0,"55":0,"56":0,"57":0,"58":0,"59":0,"60":0,"61":0,"62":0,"63":0,"64":0,"65":0,"66":0,"67":0,"68":0,"69":0,"70":1,"71":1,"72":0,"73":0,"74":0,"75":0,"76":0,"77":0,"78":0,"79":0,"80":0,"81":0,"82":0,"83":0,"84":0,"85":0,"86":1,"87":1,"88":9,"89":9,"90":9,"91":5,"92":5,"93":4,"94":9,"95":2,"96":2,"97":2,"98":9,"99":1,"100":1,"101":1,"102":1,"103":1,"104":1,"105":1,"106":2,"107":2,"108":1,"109":1,"110":2,"111":1,"112":1,"113":0,"114":0,"115":0,"116":0,"117":0,"118":0,"119":0,"120":0,"121":0,"122":0,"123":0,"124":0,"125":0,"126":1,"127":1,"128":3,"129":3,"130":3,"131":3,"132":3,"133":1,"134":1,"135":2,"136":2,"137":2,"138":2,"139":2,"140":1,"141":1,"142":2,"143":1,"144":1,"145":8,"146":8,"147":8,"148":8,"149":8,"150":8,"151":16,"152":8,"153":8,"154":4,"155":4,"156":4,"157":8,"158":2,"159":2,"160":2,"161":2,"162":8,"163":1,"164":1,"165":2,"166":2,"167":2,"168":2},"branchMap":{"0":{"type":"branch","line":16,"loc":{"start":{"line":16,"column":23},"end":{"line":17,"column":23}},"locations":[{"start":{"line":16,"column":23},"end":{"line":17,"column":23}}]},"1":{"type":"branch","line":18,"loc":{"start":{"line":18,"column":21},"end":{"line":19,"column":23}},"locations":[{"start":{"line":18,"column":21},"end":{"line":19,"column":23}}]},"2":{"type":"branch","line":20,"loc":{"start":{"line":20,"column":21},"end":{"line":22,"column":46}},"locations":[{"start":{"line":20,"column":21},"end":{"line":22,"column":46}}]},"3":{"type":"branch","line":24,"loc":{"start":{"line":24,"column":17},"end":{"line":41,"column":2}},"locations":[{"start":{"line":24,"column":17},"end":{"line":41,"column":2}}]},"4":{"type":"branch","line":29,"loc":{"start":{"line":29,"column":19},"end":{"line":29,"column":40}},"locations":[{"start":{"line":29,"column":19},"end":{"line":29,"column":40}}]},"5":{"type":"branch","line":29,"loc":{"start":{"line":29,"column":40},"end":{"line":31,"column":5}},"locations":[{"start":{"line":29,"column":40},"end":{"line":31,"column":5}}]},"6":{"type":"branch","line":30,"loc":{"start":{"line":30,"column":37},"end":{"line":30,"column":49}},"locations":[{"start":{"line":30,"column":37},"end":{"line":30,"column":49}}]},"7":{"type":"branch","line":30,"loc":{"start":{"line":30,"column":41},"end":{"line":30,"column":60}},"locations":[{"start":{"line":30,"column":41},"end":{"line":30,"column":60}}]},"8":{"type":"branch","line":31,"loc":{"start":{"line":31,"column":4},"end":{"line":35,"column":5}},"locations":[{"start":{"line":31,"column":4},"end":{"line":35,"column":5}}]},"9":{"type":"branch","line":35,"loc":{"start":{"line":35,"column":4},"end":{"line":41,"column":2}},"locations":[{"start":{"line":35,"column":4},"end":{"line":41,"column":2}}]},"10":{"type":"branch","line":88,"loc":{"start":{"line":88,"column":23},"end":{"line":104,"column":2}},"locations":[{"start":{"line":88,"column":23},"end":{"line":104,"column":2}}]},"11":{"type":"branch","line":91,"loc":{"start":{"line":91,"column":19},"end":{"line":91,"column":40}},"locations":[{"start":{"line":91,"column":19},"end":{"line":91,"column":40}}]},"12":{"type":"branch","line":91,"loc":{"start":{"line":91,"column":35},"end":{"line":91,"column":54}},"locations":[{"start":{"line":91,"column":35},"end":{"line":91,"column":54}}]},"13":{"type":"branch","line":91,"loc":{"start":{"line":91,"column":54},"end":{"line":93,"column":3}},"locations":[{"start":{"line":91,"column":54},"end":{"line":93,"column":3}}]},"14":{"type":"branch","line":93,"loc":{"start":{"line":93,"column":2},"end":{"line":95,"column":23}},"locations":[{"start":{"line":93,"column":2},"end":{"line":95,"column":23}}]},"15":{"type":"branch","line":95,"loc":{"start":{"line":95,"column":23},"end":{"line":99,"column":38}},"locations":[{"start":{"line":95,"column":23},"end":{"line":99,"column":38}}]},"16":{"type":"branch","line":99,"loc":{"start":{"line":99,"column":33},"end":{"line":99,"column":76}},"locations":[{"start":{"line":99,"column":33},"end":{"line":99,"column":76}}]},"17":{"type":"branch","line":99,"loc":{"start":{"line":99,"column":76},"end":{"line":104,"column":2}},"locations":[{"start":{"line":99,"column":76},"end":{"line":104,"column":2}}]},"18":{"type":"branch","line":106,"loc":{"start":{"line":106,"column":24},"end":{"line":108,"column":30}},"locations":[{"start":{"line":106,"column":24},"end":{"line":108,"column":30}}]},"19":{"type":"branch","line":110,"loc":{"start":{"line":110,"column":36},"end":{"line":111,"column":37}},"locations":[{"start":{"line":110,"column":36},"end":{"line":111,"column":37}}]},"20":{"type":"branch","line":111,"loc":{"start":{"line":111,"column":15},"end":{"line":111,"column":31}},"locations":[{"start":{"line":111,"column":15},"end":{"line":111,"column":31}}]},"21":{"type":"branch","line":111,"loc":{"start":{"line":111,"column":19},"end":{"line":111,"column":37}},"locations":[{"start":{"line":111,"column":19},"end":{"line":111,"column":37}}]},"22":{"type":"branch","line":128,"loc":{"start":{"line":128,"column":27},"end":{"line":133,"column":80}},"locations":[{"start":{"line":128,"column":27},"end":{"line":133,"column":80}}]},"23":{"type":"branch","line":133,"loc":{"start":{"line":133,"column":2},"end":{"line":133,"column":47}},"locations":[{"start":{"line":133,"column":2},"end":{"line":133,"column":47}}]},"24":{"type":"branch","line":133,"loc":{"start":{"line":133,"column":43},"end":{"line":133,"column":80}},"locations":[{"start":{"line":133,"column":43},"end":{"line":133,"column":80}}]},"25":{"type":"branch","line":135,"loc":{"start":{"line":135,"column":27},"end":{"line":140,"column":80}},"locations":[{"start":{"line":135,"column":27},"end":{"line":140,"column":80}}]},"26":{"type":"branch","line":140,"loc":{"start":{"line":140,"column":2},"end":{"line":140,"column":47}},"locations":[{"start":{"line":140,"column":2},"end":{"line":140,"column":47}}]},"27":{"type":"branch","line":142,"loc":{"start":{"line":142,"column":26},"end":{"line":143,"column":37}},"locations":[{"start":{"line":142,"column":26},"end":{"line":143,"column":37}}]},"28":{"type":"branch","line":145,"loc":{"start":{"line":145,"column":26},"end":{"line":163,"column":2}},"locations":[{"start":{"line":145,"column":26},"end":{"line":163,"column":2}}]},"29":{"type":"branch","line":154,"loc":{"start":{"line":154,"column":33},"end":{"line":158,"column":33}},"locations":[{"start":{"line":154,"column":33},"end":{"line":158,"column":33}}]},"30":{"type":"branch","line":158,"loc":{"start":{"line":158,"column":33},"end":{"line":162,"column":49}},"locations":[{"start":{"line":158,"column":33},"end":{"line":162,"column":49}}]},"31":{"type":"branch","line":151,"loc":{"start":{"line":151,"column":33},"end":{"line":152,"column":47}},"locations":[{"start":{"line":151,"column":33},"end":{"line":152,"column":47}}]},"32":{"type":"branch","line":152,"loc":{"start":{"line":152,"column":39},"end":{"line":152,"column":47}},"locations":[{"start":{"line":152,"column":39},"end":{"line":152,"column":47}}]},"33":{"type":"branch","line":165,"loc":{"start":{"line":165,"column":32},"end":{"line":169,"column":72}},"locations":[{"start":{"line":165,"column":32},"end":{"line":169,"column":72}}]}},"b":{"0":[35],"1":[21],"2":[9],"3":[15],"4":[13],"5":[13],"6":[11],"7":[2],"8":[2],"9":[0],"10":[9],"11":[7],"12":[6],"13":[5],"14":[4],"15":[2],"16":[1],"17":[1],"18":[2],"19":[2],"20":[1],"21":[1],"22":[3],"23":[2],"24":[1],"25":[2],"26":[0],"27":[2],"28":[8],"29":[4],"30":[2],"31":[16],"32":[0],"33":[2]},"fnMap":{"0":{"name":"isArray","decl":{"start":{"line":16,"column":23},"end":{"line":17,"column":23}},"loc":{"start":{"line":16,"column":23},"end":{"line":17,"column":23}},"line":16},"1":{"name":"isSet","decl":{"start":{"line":18,"column":21},"end":{"line":19,"column":23}},"loc":{"start":{"line":18,"column":21},"end":{"line":19,"column":23}},"line":18},"2":{"name":"isMap","decl":{"start":{"line":20,"column":21},"end":{"line":22,"column":46}},"loc":{"start":{"line":20,"column":21},"end":{"line":22,"column":46}},"line":20},"3":{"name":"_asArray","decl":{"start":{"line":24,"column":17},"end":{"line":41,"column":2}},"loc":{"start":{"line":24,"column":17},"end":{"line":41,"column":2}},"line":24},"4":{"name":"asArray","decl":{"start":{"line":48,"column":23},"end":{"line":50,"column":30}},"loc":{"start":{"line":48,"column":23},"end":{"line":50,"column":30}},"line":48},"5":{"name":"filterNullishArray","decl":{"start":{"line":52,"column":34},"end":{"line":53,"column":42}},"loc":{"start":{"line":52,"column":34},"end":{"line":53,"column":42}},"line":52},"6":{"name":"filterNullishSet","decl":{"start":{"line":54,"column":32},"end":{"line":70,"column":2}},"loc":{"start":{"line":54,"column":32},"end":{"line":70,"column":2}},"line":54},"7":{"name":"filterNullishMap","decl":{"start":{"line":72,"column":32},"end":{"line":86,"column":2}},"loc":{"start":{"line":72,"column":32},"end":{"line":86,"column":2}},"line":72},"8":{"name":"isEmpty","decl":{"start":{"line":88,"column":23},"end":{"line":104,"column":2}},"loc":{"start":{"line":88,"column":23},"end":{"line":104,"column":2}},"line":88},"9":{"name":"nonEmpty","decl":{"start":{"line":106,"column":24},"end":{"line":108,"column":30}},"loc":{"start":{"line":106,"column":24},"end":{"line":108,"column":30}},"line":106},"10":{"name":"emptyListToUndefined","decl":{"start":{"line":110,"column":36},"end":{"line":111,"column":37}},"loc":{"start":{"line":110,"column":36},"end":{"line":111,"column":37}},"line":110},"11":{"name":"mapRecursiveArray","decl":{"start":{"line":113,"column":33},"end":{"line":126,"column":2}},"loc":{"start":{"line":113,"column":33},"end":{"line":126,"column":2}},"line":113},"12":{"name":"hasMoreThan","decl":{"start":{"line":128,"column":27},"end":{"line":133,"column":80}},"loc":{"start":{"line":128,"column":27},"end":{"line":133,"column":80}},"line":128},"13":{"name":"hasLessThan","decl":{"start":{"line":135,"column":27},"end":{"line":140,"column":80}},"loc":{"start":{"line":135,"column":27},"end":{"line":140,"column":80}},"line":135},"14":{"name":"hasExactly","decl":{"start":{"line":142,"column":26},"end":{"line":143,"column":37}},"loc":{"start":{"line":142,"column":26},"end":{"line":143,"column":37}},"line":142},"15":{"name":"hasBetween","decl":{"start":{"line":145,"column":26},"end":{"line":163,"column":2}},"loc":{"start":{"line":145,"column":26},"end":{"line":163,"column":2}},"line":145},"16":{"name":"hasApproximately","decl":{"start":{"line":165,"column":32},"end":{"line":169,"column":72}},"loc":{"start":{"line":165,"column":32},"end":{"line":169,"column":72}},"line":165}},"f":{"0":35,"1":21,"2":9,"3":15,"4":0,"5":0,"6":0,"7":0,"8":9,"9":2,"10":2,"11":0,"12":3,"13":2,"14":2,"15":8,"16":2}}
}
